Using pre-set license

 COMMAND LINE ARGUMENTS:
/Applications/Unity/Hub/Editor/2020.3.1f1/Unity.app/Contents/MacOS/Unity
-adb2
-batchMode
-noUpm
-name
AssetImportWorker0
-projectPath
/Users/admin/RiderProjects/Farm
-logFile
Logs/AssetImportWorker0.log
-srvPort
49261
Successfully changed project path to: /Users/admin/RiderProjects/Farm
/Users/admin/RiderProjects/Farm
Using Asset Import Pipeline V2.
Refreshing native plugins compatible for Editor in 142.62 ms, found 5 plugins.
Preloading 0 native plugins for Editor in 0.00 ms.
Initialize engine version: 2020.3.1f1 (77a89f25062f)
[Subsystems] Discovering subsystems at path /Applications/Unity/Hub/Editor/2020.3.1f1/Unity.app/Contents/Resources/UnitySubsystems
[Subsystems] Discovering subsystems at path /Users/admin/RiderProjects/Farm/Assets
GfxDevice: creating device client; threaded=0
2021-03-30 16:46:36.511 Unity[680:7970] DELL P2419H preferred device: Intel Iris Graphics (low power)
2021-03-30 16:46:36.511 Unity[680:7970] Metal devices available: 1
2021-03-30 16:46:36.511 Unity[680:7970] 0: Intel Iris Graphics (low power)
2021-03-30 16:46:36.512 Unity[680:7970] Using device Intel Iris Graphics (low power)
Initializing Metal device caps: Intel Iris Graphics
Shader 'Universal Render Pipeline/Particles/Lit': fallback shader 'Universal Render Pipeline/Particles/SimpleLit' not found
Initialize mono
Mono path[0] = '/Applications/Unity/Hub/Editor/2020.3.1f1/Unity.app/Contents/Managed'
Mono path[1] = '/Applications/Unity/Hub/Editor/2020.3.1f1/Unity.app/Contents/MonoBleedingEdge/lib/mono/unityjit'
Mono config path = '/Applications/Unity/Hub/Editor/2020.3.1f1/Unity.app/Contents/MonoBleedingEdge/etc'
Using monoOptions --debugger-agent=transport=dt_socket,embedding=1,server=y,suspend=n,address=127.0.0.1:56680
Begin MonoManager ReloadAssembly
Registering precompiled unity dll's ...
Register platform support module: /Applications/Unity/Hub/Editor/2020.3.1f1/Unity.app/Contents/PlaybackEngines/MacStandaloneSupport/UnityEditor.OSXStandalone.Extensions.dll
Registered in 0.001315 seconds.
Native extension for OSXStandalone target not found
Refreshing native plugins compatible for Editor in 105.26 ms, found 5 plugins.
Preloading 0 native plugins for Editor in 0.00 ms.
Invoked RoslynAnalysisRunner static constructor.
RoslynAnalysisRunner will not be running.
RoslynAnalysisRunner has terminated.
Mono: successfully reloaded assembly
- Completed reload, in  4.849 seconds
Platform modules already initialized, skipping
Registering precompiled user dll's ...
Registered in 0.009622 seconds.
Begin MonoManager ReloadAssembly
Native extension for OSXStandalone target not found
Refreshing native plugins compatible for Editor in 111.73 ms, found 5 plugins.
Preloading 0 native plugins for Editor in 0.00 ms.
UnityIAP: [InitializeOnLoad] Facebook Check
UnityIAP: Runtime [2020.3.1f1]
UnityIAP: Current Build is Android:StandaloneOSX
UnityIAP: stub FacebookStore.dll enabled
Invoked RoslynAnalysisRunner static constructor.
RoslynAnalysisRunner will not be running.
RoslynAnalysisRunner has terminated.
Mono: successfully reloaded assembly
- Completed reload, in  3.158 seconds
Platform modules already initialized, skipping
========================================================================
Worker process is ready to serve import requests
Shader 'Universal Render Pipeline/Particles/Lit': fallback shader 'Universal Render Pipeline/Particles/SimpleLit' not found
Launching external process: /Applications/Unity/Hub/Editor/2020.3.1f1/Unity.app/Contents/Tools/UnityShaderCompiler
Launched and connected shader compiler UnityShaderCompiler after 0.02 seconds
Refreshing native plugins compatible for Editor in 2.30 ms, found 5 plugins.
Preloading 0 native plugins for Editor in 0.00 ms.
Unloading 3527 Unused Serialized files (Serialized files now loaded: 0)
System memory in use before: 252.9 MB.
System memory in use after: 253.1 MB.

Unloading 207 unused Assets to reduce memory usage. Loaded Objects now: 3825.
Total: 5.281514 ms (FindLiveObjects: 0.734987 ms CreateObjectMapping: 0.490901 ms MarkObjects: 3.838478 ms  DeleteObjects: 0.215482 ms)

========================================================================
Received Import Request.
  path: Assets/Suriyun/Animations/Animations.controller
  artifactKey: Guid(02d5ec93278ea5c4cae238841be11363) Importer(815301076,1909f56bfc062723c751e8b465ee728b)
Start importing Assets/Suriyun/Animations/Animations.controller using Guid(02d5ec93278ea5c4cae238841be11363) Importer(815301076,1909f56bfc062723c751e8b465ee728b)  -> (artifact id: 'f187b940c7edd57e5a251837f5fac7f6') in 1.583114 seconds
  Import took 1.595505 seconds .

========================================================================
Received Import Request.
  Time since last request: 59.545225 seconds.
  path: Assets/Suriyun/Animations/Animation_v2/AnimSD@DigA.fbx
  artifactKey: Guid(6162ce27f318d3047862f23790f1a329) Importer(815301076,1909f56bfc062723c751e8b465ee728b)
Start importing Assets/Suriyun/Animations/Animation_v2/AnimSD@DigA.fbx using Guid(6162ce27f318d3047862f23790f1a329) Importer(815301076,1909f56bfc062723c751e8b465ee728b)  -> (artifact id: 'c0267b6f4f7ba7b0b08fb104ae6fd51a') in 0.496180 seconds
  Import took 0.505175 seconds .

========================================================================
Received Import Request.
  Time since last request: 64.665305 seconds.
  path: Assets/AppMetrica/AppMetrica.prefab
  artifactKey: Guid(1edb7f7d5ea68467097decc77664b28d) Importer(815301076,1909f56bfc062723c751e8b465ee728b)
Start importing Assets/AppMetrica/AppMetrica.prefab using Guid(1edb7f7d5ea68467097decc77664b28d) Importer(815301076,1909f56bfc062723c751e8b465ee728b)  -> (artifact id: '482c818258d7446c8d378ea293153eea') in 0.220057 seconds
  Import took 0.229760 seconds .

========================================================================
Received Import Request.
  Time since last request: 59.062976 seconds.
  path: Assets/Suriyun/Animations/Animation_v2/AnimSD@DigB.fbx
  artifactKey: Guid(269297c43dad5a44db462a002e884f0f) Importer(815301076,1909f56bfc062723c751e8b465ee728b)
Start importing Assets/Suriyun/Animations/Animation_v2/AnimSD@DigB.fbx using Guid(269297c43dad5a44db462a002e884f0f) Importer(815301076,1909f56bfc062723c751e8b465ee728b)  -> (artifact id: '5e2c3934a894190ad9161eec480ca9c8') in 0.018162 seconds
  Import took 0.030869 seconds .

========================================================================
Received Import Request.
  Time since last request: 0.000377 seconds.
  path: Assets/Suriyun/Animations/Animation_v2/AvatarSD.fbx
  artifactKey: Guid(52c65b71e4fa0b54eb982a9e38f4294f) Importer(815301076,1909f56bfc062723c751e8b465ee728b)
Start importing Assets/Suriyun/Animations/Animation_v2/AvatarSD.fbx using Guid(52c65b71e4fa0b54eb982a9e38f4294f) Importer(815301076,1909f56bfc062723c751e8b465ee728b)  -> (artifact id: '2fc243c35cea2f5a698fa12a3b09b89d') in 0.017115 seconds
  Import took 0.041650 seconds .

========================================================================
Received Import Request.
  Time since last request: 0.000337 seconds.
  path: Assets/Suriyun/Animations/Animation_v2/AnimSD@Swoon.fbx
  artifactKey: Guid(65955823f35af6e4db4879cf2d6aa6ba) Importer(815301076,1909f56bfc062723c751e8b465ee728b)
Start importing Assets/Suriyun/Animations/Animation_v2/AnimSD@Swoon.fbx using Guid(65955823f35af6e4db4879cf2d6aa6ba) Importer(815301076,1909f56bfc062723c751e8b465ee728b)  -> (artifact id: 'd2c0941fea621ffe5830589200452a7a') in 0.013742 seconds
  Import took 0.024745 seconds .

========================================================================
Received Import Request.
  Time since last request: 0.000421 seconds.
  path: Assets/Suriyun/Animations/Animation_v2/AnimSD@Tired.fbx
  artifactKey: Guid(0e69db7cb25e3b94384b894b12f47db7) Importer(815301076,1909f56bfc062723c751e8b465ee728b)
Start importing Assets/Suriyun/Animations/Animation_v2/AnimSD@Tired.fbx using Guid(0e69db7cb25e3b94384b894b12f47db7) Importer(815301076,1909f56bfc062723c751e8b465ee728b)  -> (artifact id: '6a51919a394b24c8fb21887bed7039e5') in 0.018797 seconds
  Import took 0.035617 seconds .

========================================================================
Received Import Request.
  Time since last request: 0.000319 seconds.
  path: Assets/Suriyun/Animations/Animation_v2/AnimSD@Walk.fbx
  artifactKey: Guid(92f3618e0c55127409a940a0278c94b1) Importer(815301076,1909f56bfc062723c751e8b465ee728b)
Start importing Assets/Suriyun/Animations/Animation_v2/AnimSD@Walk.fbx using Guid(92f3618e0c55127409a940a0278c94b1) Importer(815301076,1909f56bfc062723c751e8b465ee728b)  -> (artifact id: 'df02b9d9ebfa98de2a01359d5cd3d083') in 0.024808 seconds
  Import took 0.036937 seconds .

========================================================================
Received Import Request.
  Time since last request: 0.000283 seconds.
  path: Assets/Suriyun/Animations/Animation_v2/AnimSD@Sleep.fbx
  artifactKey: Guid(6abbb9916b76d2a438b1feedc95dfe04) Importer(815301076,1909f56bfc062723c751e8b465ee728b)
Start importing Assets/Suriyun/Animations/Animation_v2/AnimSD@Sleep.fbx using Guid(6abbb9916b76d2a438b1feedc95dfe04) Importer(815301076,1909f56bfc062723c751e8b465ee728b)  -> (artifact id: '8773431376f8e864137a9b7451204206') in 0.025175 seconds
  Import took 0.039505 seconds .

========================================================================
Received Import Request.
  Time since last request: 0.000332 seconds.
  path: Assets/Suriyun/Animations/Animation_v2/AnimSD@NormalATK.fbx
  artifactKey: Guid(38837a1f8531e8043812f85dcaf18c25) Importer(815301076,1909f56bfc062723c751e8b465ee728b)
Start importing Assets/Suriyun/Animations/Animation_v2/AnimSD@NormalATK.fbx using Guid(38837a1f8531e8043812f85dcaf18c25) Importer(815301076,1909f56bfc062723c751e8b465ee728b)  -> (artifact id: '8da901f9d08c5009311be77c28372e0b') in 0.026354 seconds
  Import took 0.036796 seconds .

========================================================================
Received Import Request.
  Time since last request: 0.000399 seconds.
  path: Assets/Suriyun/Animations/Animation_v2/AnimSD@IdleA.fbx
  artifactKey: Guid(40c129ff619978842ad86fdafdd87149) Importer(815301076,1909f56bfc062723c751e8b465ee728b)
Start importing Assets/Suriyun/Animations/Animation_v2/AnimSD@IdleA.fbx using Guid(40c129ff619978842ad86fdafdd87149) Importer(815301076,1909f56bfc062723c751e8b465ee728b)  -> (artifact id: '911a6a283f1905c5f8cd605372a64b76') in 0.023049 seconds
  Import took 0.034834 seconds .

========================================================================
Received Prepare
Registering precompiled user dll's ...
Registered in 0.034006 seconds.
Begin MonoManager ReloadAssembly
Native extension for OSXStandalone target not found
Refreshing native plugins compatible for Editor in 2.62 ms, found 5 plugins.
Preloading 0 native plugins for Editor in 0.00 ms.
UnityIAP: [InitializeOnLoad] Facebook Check
UnityIAP: Runtime [2020.3.1f1]
UnityIAP: Current Build is Android:Android
UnityIAP: stub FacebookStore.dll enabled
Invoked RoslynAnalysisRunner static constructor.
RoslynAnalysisRunner will not be running.
RoslynAnalysisRunner has terminated.
Mono: successfully reloaded assembly
- Completed reload, in  2.306 seconds
Platform modules already initialized, skipping
Switching build target platform(2) subTarget(0) extendedPlatform(0) -> platform(13) subTarget(537395200) extendedPlatform(0)
Shader 'Universal Render Pipeline/Particles/Lit': fallback shader 'Universal Render Pipeline/Particles/SimpleLit' not found
Refreshing native plugins compatible for Editor in 2.45 ms, found 5 plugins.
Preloading 0 native plugins for Editor in 0.00 ms.
Unloading 3366 Unused Serialized files (Serialized files now loaded: 0)
System memory in use before: 255.2 MB.
System memory in use after: 255.4 MB.

Unloading 192 unused Assets to reduce memory usage. Loaded Objects now: 3828.
Total: 4.835893 ms (FindLiveObjects: 0.721445 ms CreateObjectMapping: 0.435473 ms MarkObjects: 3.466573 ms  DeleteObjects: 0.210561 ms)

AssetImportParameters requested are different than current active one (requested -> active):
  custom:graphics/normal-map-encoding: 01000000000000000000000000000000 -> 02000000000000000000000000000000
========================================================================
Received Prepare
Registering precompiled user dll's ...
Registered in 0.043491 seconds.
Begin MonoManager ReloadAssembly
Native extension for OSXStandalone target not found
Refreshing native plugins compatible for Editor in 5.74 ms, found 5 plugins.
Preloading 0 native plugins for Editor in 0.00 ms.
UnityIAP: [InitializeOnLoad] Facebook Check
UnityIAP: Runtime [2020.3.1f1]
UnityIAP: Current Build is Android:Android
UnityIAP: stub FacebookStore.dll enabled
Invoked RoslynAnalysisRunner static constructor.
RoslynAnalysisRunner will not be running.
RoslynAnalysisRunner has terminated.
Mono: successfully reloaded assembly
- Completed reload, in  5.875 seconds
Platform modules already initialized, skipping
Switching build target platform(2) subTarget(0) extendedPlatform(0) -> platform(13) subTarget(537395200) extendedPlatform(0)
Shader 'Universal Render Pipeline/Particles/Lit': fallback shader 'Universal Render Pipeline/Particles/SimpleLit' not found
Refreshing native plugins compatible for Editor in 4.79 ms, found 5 plugins.
Preloading 0 native plugins for Editor in 0.00 ms.
Unloading 3366 Unused Serialized files (Serialized files now loaded: 0)
System memory in use before: 255.6 MB.
System memory in use after: 255.8 MB.

Unloading 192 unused Assets to reduce memory usage. Loaded Objects now: 3831.
Total: 14.018039 ms (FindLiveObjects: 2.500357 ms CreateObjectMapping: 1.702003 ms MarkObjects: 9.542050 ms  DeleteObjects: 0.270442 ms)

AssetImportParameters requested are different than current active one (requested -> active):
  custom:graphics/normal-map-encoding: 01000000000000000000000000000000 -> 02000000000000000000000000000000
========================================================================
Received Import Request.
  Time since last request: 1112.435725 seconds.
  path: Assets/EasyFpsCounter/Resources
  artifactKey: Guid(4d865a9c0638c06488922b51d78f7a14) Importer(815301076,1909f56bfc062723c751e8b465ee728b)
Start importing Assets/EasyFpsCounter/Resources using Guid(4d865a9c0638c06488922b51d78f7a14) Importer(815301076,1909f56bfc062723c751e8b465ee728b)  -> (artifact id: 'b42f07c22340fc515f52be9202f6e8c2') in 0.021394 seconds
  Import took 0.033881 seconds .

========================================================================
Received Import Request.
  Time since last request: 0.007682 seconds.
  path: Assets/EasyFpsCounter/Resources/BasicCounter.prefab
  artifactKey: Guid(1177133a709aac84289a7d57c5ea92c3) Importer(815301076,1909f56bfc062723c751e8b465ee728b)
Start importing Assets/EasyFpsCounter/Resources/BasicCounter.prefab using Guid(1177133a709aac84289a7d57c5ea92c3) Importer(815301076,1909f56bfc062723c751e8b465ee728b)  -> (artifact id: '36ebd5b7a85027118d5afc2a6275d958') in 0.137496 seconds
  Import took 0.151127 seconds .

========================================================================
Received Import Request.
  Time since last request: 0.000759 seconds.
  path: Assets/EasyFpsCounter/Resources/WesternCounter.prefab
  artifactKey: Guid(e6810e24785cde748b25692c18a4f383) Importer(815301076,1909f56bfc062723c751e8b465ee728b)
Start importing Assets/EasyFpsCounter/Resources/WesternCounter.prefab using Guid(e6810e24785cde748b25692c18a4f383) Importer(815301076,1909f56bfc062723c751e8b465ee728b)  -> (artifact id: '9c63ae49973b108646b657688146b9cd') in 0.008983 seconds
  Import took 0.022800 seconds .

========================================================================
Received Import Request.
  Time since last request: 0.000325 seconds.
  path: Assets/EasyFpsCounter/Resources/SciFiCounter.prefab
  artifactKey: Guid(ea21a9419d652cc458205d362cef83c4) Importer(815301076,1909f56bfc062723c751e8b465ee728b)
Start importing Assets/EasyFpsCounter/Resources/SciFiCounter.prefab using Guid(ea21a9419d652cc458205d362cef83c4) Importer(815301076,1909f56bfc062723c751e8b465ee728b)  -> (artifact id: 'fc916c274c30642c43c90cc786961721') in 0.012606 seconds
  Import took 0.027052 seconds .

========================================================================
Received Import Request.
  Time since last request: 0.000350 seconds.
  path: Assets/EasyFpsCounter/Resources/NvidiaCounter.prefab
  artifactKey: Guid(1f0f9a04e9ac697429752a9f888d02f1) Importer(815301076,1909f56bfc062723c751e8b465ee728b)
Start importing Assets/EasyFpsCounter/Resources/NvidiaCounter.prefab using Guid(1f0f9a04e9ac697429752a9f888d02f1) Importer(815301076,1909f56bfc062723c751e8b465ee728b)  -> (artifact id: 'bad21ddc807082d17d0be2fb331e1aae') in 0.008441 seconds
  Import took 0.025288 seconds .

========================================================================
Received Import Request.
  Time since last request: 0.000288 seconds.
  path: Assets/EasyFpsCounter/Resources/Easy Fps Counter.prefab
  artifactKey: Guid(20d607f9a0588dc4499d11efb7a8ae5c) Importer(815301076,1909f56bfc062723c751e8b465ee728b)
Start importing Assets/EasyFpsCounter/Resources/Easy Fps Counter.prefab using Guid(20d607f9a0588dc4499d11efb7a8ae5c) Importer(815301076,1909f56bfc062723c751e8b465ee728b)  -> (artifact id: 'b8e70256d9bf1fe2cbfd617c0cdb9ec8') in 0.006118 seconds
  Import took 0.024508 seconds .

========================================================================
Received Prepare
Registering precompiled user dll's ...
Registered in 0.015862 seconds.
Begin MonoManager ReloadAssembly
Native extension for OSXStandalone target not found
Refreshing native plugins compatible for Editor in 2.39 ms, found 5 plugins.
Preloading 0 native plugins for Editor in 0.00 ms.
UnityIAP: [InitializeOnLoad] Facebook Check
UnityIAP: Runtime [2020.3.1f1]
UnityIAP: Current Build is Android:Android
UnityIAP: stub FacebookStore.dll enabled
Invoked RoslynAnalysisRunner static constructor.
RoslynAnalysisRunner will not be running.
RoslynAnalysisRunner has terminated.
Mono: successfully reloaded assembly
- Completed reload, in  4.953 seconds
Platform modules already initialized, skipping
Switching build target platform(2) subTarget(0) extendedPlatform(0) -> platform(13) subTarget(537395200) extendedPlatform(0)
Shader 'Universal Render Pipeline/Particles/Lit': fallback shader 'Universal Render Pipeline/Particles/SimpleLit' not found
Refreshing native plugins compatible for Editor in 8.57 ms, found 5 plugins.
Preloading 0 native plugins for Editor in 0.00 ms.
Unloading 3366 Unused Serialized files (Serialized files now loaded: 0)
System memory in use before: 256.1 MB.
System memory in use after: 256.2 MB.

Unloading 192 unused Assets to reduce memory usage. Loaded Objects now: 3836.
Total: 7.174492 ms (FindLiveObjects: 3.479096 ms CreateObjectMapping: 0.632397 ms MarkObjects: 2.877417 ms  DeleteObjects: 0.182204 ms)

AssetImportParameters requested are different than current active one (requested -> active):
  custom:graphics/normal-map-encoding: 01000000000000000000000000000000 -> 02000000000000000000000000000000
========================================================================
Received Prepare
Registering precompiled user dll's ...
Registered in 0.017061 seconds.
Begin MonoManager ReloadAssembly
Native extension for OSXStandalone target not found
Refreshing native plugins compatible for Editor in 2.23 ms, found 5 plugins.
Preloading 0 native plugins for Editor in 0.00 ms.
UnityIAP: [InitializeOnLoad] Facebook Check
UnityIAP: Runtime [2020.3.1f1]
UnityIAP: Current Build is Android:Android
UnityIAP: stub FacebookStore.dll enabled
Invoked RoslynAnalysisRunner static constructor.
RoslynAnalysisRunner will not be running.
RoslynAnalysisRunner has terminated.
Mono: successfully reloaded assembly
- Completed reload, in  2.357 seconds
Platform modules already initialized, skipping
Switching build target platform(2) subTarget(0) extendedPlatform(0) -> platform(13) subTarget(537395200) extendedPlatform(0)
Shader 'Universal Render Pipeline/Particles/Lit': fallback shader 'Universal Render Pipeline/Particles/SimpleLit' not found
Refreshing native plugins compatible for Editor in 4.09 ms, found 5 plugins.
Preloading 0 native plugins for Editor in 0.00 ms.
Unloading 3366 Unused Serialized files (Serialized files now loaded: 0)
System memory in use before: 256.3 MB.
System memory in use after: 256.5 MB.

Unloading 192 unused Assets to reduce memory usage. Loaded Objects now: 3839.
Total: 6.864827 ms (FindLiveObjects: 1.083996 ms CreateObjectMapping: 0.499594 ms MarkObjects: 4.998676 ms  DeleteObjects: 0.280565 ms)

AssetImportParameters requested are different than current active one (requested -> active):
  custom:graphics/normal-map-encoding: 01000000000000000000000000000000 -> 02000000000000000000000000000000
========================================================================
Received Prepare
Registering precompiled user dll's ...
Registered in 0.009450 seconds.
Begin MonoManager ReloadAssembly
Native extension for OSXStandalone target not found
Refreshing native plugins compatible for Editor in 2.43 ms, found 5 plugins.
Preloading 0 native plugins for Editor in 0.00 ms.
UnityIAP: [InitializeOnLoad] Facebook Check
UnityIAP: Runtime [2020.3.1f1]
UnityIAP: Current Build is Android:Android
UnityIAP: stub FacebookStore.dll enabled
Invoked RoslynAnalysisRunner static constructor.
RoslynAnalysisRunner will not be running.
RoslynAnalysisRunner has terminated.
Mono: successfully reloaded assembly
- Completed reload, in  2.248 seconds
Platform modules already initialized, skipping
Switching build target platform(2) subTarget(0) extendedPlatform(0) -> platform(13) subTarget(537395200) extendedPlatform(0)
Shader 'Universal Render Pipeline/Particles/Lit': fallback shader 'Universal Render Pipeline/Particles/SimpleLit' not found
Refreshing native plugins compatible for Editor in 2.22 ms, found 5 plugins.
Preloading 0 native plugins for Editor in 0.00 ms.
Unloading 3366 Unused Serialized files (Serialized files now loaded: 0)
System memory in use before: 256.7 MB.
System memory in use after: 256.8 MB.

Unloading 192 unused Assets to reduce memory usage. Loaded Objects now: 3842.
Total: 3.950611 ms (FindLiveObjects: 0.463671 ms CreateObjectMapping: 0.205354 ms MarkObjects: 3.063937 ms  DeleteObjects: 0.214733 ms)

AssetImportParameters requested are different than current active one (requested -> active):
  custom:graphics/normal-map-encoding: 01000000000000000000000000000000 -> 02000000000000000000000000000000
========================================================================
Received Prepare
Registering precompiled user dll's ...
Registered in 0.009758 seconds.
Begin MonoManager ReloadAssembly
Native extension for OSXStandalone target not found
Refreshing native plugins compatible for Editor in 2.23 ms, found 5 plugins.
Preloading 0 native plugins for Editor in 0.00 ms.
UnityIAP: [InitializeOnLoad] Facebook Check
UnityIAP: Runtime [2020.3.1f1]
UnityIAP: Current Build is Android:Android
UnityIAP: stub FacebookStore.dll enabled
Invoked RoslynAnalysisRunner static constructor.
RoslynAnalysisRunner will not be running.
RoslynAnalysisRunner has terminated.
Mono: successfully reloaded assembly
- Completed reload, in  2.254 seconds
Platform modules already initialized, skipping
Switching build target platform(2) subTarget(0) extendedPlatform(0) -> platform(13) subTarget(537395200) extendedPlatform(0)
Shader 'Universal Render Pipeline/Particles/Lit': fallback shader 'Universal Render Pipeline/Particles/SimpleLit' not found
Refreshing native plugins compatible for Editor in 2.24 ms, found 5 plugins.
Preloading 0 native plugins for Editor in 0.00 ms.
Unloading 3366 Unused Serialized files (Serialized files now loaded: 0)
System memory in use before: 257.0 MB.
System memory in use after: 257.2 MB.

Unloading 192 unused Assets to reduce memory usage. Loaded Objects now: 3845.
Total: 3.691177 ms (FindLiveObjects: 0.447636 ms CreateObjectMapping: 0.169524 ms MarkObjects: 2.898702 ms  DeleteObjects: 0.173313 ms)

AssetImportParameters requested are different than current active one (requested -> active):
  custom:graphics/normal-map-encoding: 01000000000000000000000000000000 -> 02000000000000000000000000000000
========================================================================
Received Prepare
Registering precompiled user dll's ...
Registered in 0.008938 seconds.
Begin MonoManager ReloadAssembly
Native extension for OSXStandalone target not found
Refreshing native plugins compatible for Editor in 2.23 ms, found 5 plugins.
Preloading 0 native plugins for Editor in 0.00 ms.
UnityIAP: [InitializeOnLoad] Facebook Check
UnityIAP: Runtime [2020.3.1f1]
UnityIAP: Current Build is Android:Android
UnityIAP: stub FacebookStore.dll enabled
Invoked RoslynAnalysisRunner static constructor.
RoslynAnalysisRunner will not be running.
RoslynAnalysisRunner has terminated.
Mono: successfully reloaded assembly
- Completed reload, in  2.247 seconds
Platform modules already initialized, skipping
Switching build target platform(2) subTarget(0) extendedPlatform(0) -> platform(13) subTarget(537395200) extendedPlatform(0)
Shader 'Universal Render Pipeline/Particles/Lit': fallback shader 'Universal Render Pipeline/Particles/SimpleLit' not found
Refreshing native plugins compatible for Editor in 2.32 ms, found 5 plugins.
Preloading 0 native plugins for Editor in 0.00 ms.
Unloading 3366 Unused Serialized files (Serialized files now loaded: 0)
System memory in use before: 257.3 MB.
System memory in use after: 257.5 MB.

Unloading 192 unused Assets to reduce memory usage. Loaded Objects now: 3848.
Total: 3.679210 ms (FindLiveObjects: 0.494602 ms CreateObjectMapping: 0.159553 ms MarkObjects: 2.857964 ms  DeleteObjects: 0.164919 ms)

AssetImportParameters requested are different than current active one (requested -> active):
  custom:graphics/normal-map-encoding: 01000000000000000000000000000000 -> 02000000000000000000000000000000
========================================================================
Received Import Request.
  Time since last request: 857.548519 seconds.
  path: Assets/Resources/Singletons/AssetManager.prefab
  artifactKey: Guid(92629b64922dc446293d4481c0d6b830) Importer(815301076,1909f56bfc062723c751e8b465ee728b)
Start importing Assets/Resources/Singletons/AssetManager.prefab using Guid(92629b64922dc446293d4481c0d6b830) Importer(815301076,1909f56bfc062723c751e8b465ee728b)  -> (artifact id: '2ae08dcfe447c837d27ab4987409f242') in 0.077935 seconds
  Import took 0.087774 seconds .

========================================================================
Received Prepare
Registering precompiled user dll's ...
Registered in 0.012678 seconds.
Begin MonoManager ReloadAssembly
Native extension for OSXStandalone target not found
Refreshing native plugins compatible for Editor in 2.24 ms, found 5 plugins.
Preloading 0 native plugins for Editor in 0.00 ms.
UnityIAP: [InitializeOnLoad] Facebook Check
UnityIAP: Runtime [2020.3.1f1]
UnityIAP: Current Build is Android:Android
UnityIAP: stub FacebookStore.dll enabled
Invoked RoslynAnalysisRunner static constructor.
RoslynAnalysisRunner will not be running.
RoslynAnalysisRunner has terminated.
Mono: successfully reloaded assembly
- Completed reload, in  2.169 seconds
Platform modules already initialized, skipping
Switching build target platform(2) subTarget(0) extendedPlatform(0) -> platform(13) subTarget(537395200) extendedPlatform(0)
Shader 'Universal Render Pipeline/Particles/Lit': fallback shader 'Universal Render Pipeline/Particles/SimpleLit' not found
Refreshing native plugins compatible for Editor in 2.22 ms, found 5 plugins.
Preloading 0 native plugins for Editor in 0.00 ms.
Unloading 3366 Unused Serialized files (Serialized files now loaded: 0)
System memory in use before: 257.7 MB.
System memory in use after: 257.8 MB.

Unloading 192 unused Assets to reduce memory usage. Loaded Objects now: 3851.
Total: 4.427592 ms (FindLiveObjects: 0.627632 ms CreateObjectMapping: 0.401673 ms MarkObjects: 3.204200 ms  DeleteObjects: 0.191384 ms)

AssetImportParameters requested are different than current active one (requested -> active):
  custom:graphics/normal-map-encoding: 01000000000000000000000000000000 -> 02000000000000000000000000000000
========================================================================
Received Prepare
Registering precompiled user dll's ...
Registered in 0.009686 seconds.
Begin MonoManager ReloadAssembly
Native extension for OSXStandalone target not found
Refreshing native plugins compatible for Editor in 2.28 ms, found 5 plugins.
Preloading 0 native plugins for Editor in 0.00 ms.
UnityIAP: [InitializeOnLoad] Facebook Check
UnityIAP: Runtime [2020.3.1f1]
UnityIAP: Current Build is Android:Android
UnityIAP: stub FacebookStore.dll enabled
Invoked RoslynAnalysisRunner static constructor.
RoslynAnalysisRunner will not be running.
RoslynAnalysisRunner has terminated.
Mono: successfully reloaded assembly
- Completed reload, in  2.182 seconds
Platform modules already initialized, skipping
Switching build target platform(2) subTarget(0) extendedPlatform(0) -> platform(13) subTarget(537395200) extendedPlatform(0)
Shader 'Universal Render Pipeline/Particles/Lit': fallback shader 'Universal Render Pipeline/Particles/SimpleLit' not found
Refreshing native plugins compatible for Editor in 4.00 ms, found 5 plugins.
Preloading 0 native plugins for Editor in 0.00 ms.
Unloading 3366 Unused Serialized files (Serialized files now loaded: 0)
System memory in use before: 257.9 MB.
System memory in use after: 258.1 MB.

Unloading 192 unused Assets to reduce memory usage. Loaded Objects now: 3854.
Total: 4.514601 ms (FindLiveObjects: 0.707237 ms CreateObjectMapping: 0.282050 ms MarkObjects: 3.279393 ms  DeleteObjects: 0.181774 ms)

AssetImportParameters requested are different than current active one (requested -> active):
  custom:graphics/normal-map-encoding: 01000000000000000000000000000000 -> 02000000000000000000000000000000
========================================================================
Received Prepare
Registering precompiled user dll's ...
Registered in 0.009619 seconds.
Begin MonoManager ReloadAssembly
Native extension for OSXStandalone target not found
Refreshing native plugins compatible for Editor in 2.34 ms, found 5 plugins.
Preloading 0 native plugins for Editor in 0.00 ms.
UnityIAP: [InitializeOnLoad] Facebook Check
UnityIAP: Runtime [2020.3.1f1]
UnityIAP: Current Build is Android:Android
UnityIAP: stub FacebookStore.dll enabled
Invoked RoslynAnalysisRunner static constructor.
RoslynAnalysisRunner will not be running.
RoslynAnalysisRunner has terminated.
Mono: successfully reloaded assembly
- Completed reload, in  2.346 seconds
Platform modules already initialized, skipping
Switching build target platform(2) subTarget(0) extendedPlatform(0) -> platform(13) subTarget(537395200) extendedPlatform(0)
Shader 'Universal Render Pipeline/Particles/Lit': fallback shader 'Universal Render Pipeline/Particles/SimpleLit' not found
Refreshing native plugins compatible for Editor in 2.94 ms, found 5 plugins.
Preloading 0 native plugins for Editor in 0.00 ms.
Unloading 3366 Unused Serialized files (Serialized files now loaded: 0)
System memory in use before: 258.3 MB.
System memory in use after: 258.4 MB.

Unloading 192 unused Assets to reduce memory usage. Loaded Objects now: 3857.
Total: 3.760667 ms (FindLiveObjects: 0.458152 ms CreateObjectMapping: 0.203545 ms MarkObjects: 2.925351 ms  DeleteObjects: 0.170590 ms)

AssetImportParameters requested are different than current active one (requested -> active):
  custom:graphics/normal-map-encoding: 01000000000000000000000000000000 -> 02000000000000000000000000000000
========================================================================
Received Prepare
Registering precompiled user dll's ...
Registered in 0.009380 seconds.
Begin MonoManager ReloadAssembly
Native extension for OSXStandalone target not found
Refreshing native plugins compatible for Editor in 2.23 ms, found 5 plugins.
Preloading 0 native plugins for Editor in 0.00 ms.
UnityIAP: [InitializeOnLoad] Facebook Check
UnityIAP: Runtime [2020.3.1f1]
UnityIAP: Current Build is Android:Android
UnityIAP: stub FacebookStore.dll enabled
Invoked RoslynAnalysisRunner static constructor.
RoslynAnalysisRunner will not be running.
RoslynAnalysisRunner has terminated.
Mono: successfully reloaded assembly
- Completed reload, in  2.136 seconds
Platform modules already initialized, skipping
Switching build target platform(2) subTarget(0) extendedPlatform(0) -> platform(13) subTarget(537395200) extendedPlatform(0)
Shader 'Universal Render Pipeline/Particles/Lit': fallback shader 'Universal Render Pipeline/Particles/SimpleLit' not found
Refreshing native plugins compatible for Editor in 2.58 ms, found 5 plugins.
Preloading 0 native plugins for Editor in 0.00 ms.
Unloading 3366 Unused Serialized files (Serialized files now loaded: 0)
System memory in use before: 258.5 MB.
System memory in use after: 258.7 MB.

Unloading 192 unused Assets to reduce memory usage. Loaded Objects now: 3860.
Total: 3.741001 ms (FindLiveObjects: 0.489991 ms CreateObjectMapping: 0.195013 ms MarkObjects: 2.874002 ms  DeleteObjects: 0.179915 ms)

AssetImportParameters requested are different than current active one (requested -> active):
  custom:graphics/normal-map-encoding: 01000000000000000000000000000000 -> 02000000000000000000000000000000
========================================================================
Received Prepare
Registering precompiled user dll's ...
Registered in 0.009980 seconds.
Begin MonoManager ReloadAssembly
Native extension for OSXStandalone target not found
Refreshing native plugins compatible for Editor in 2.17 ms, found 5 plugins.
Preloading 0 native plugins for Editor in 0.00 ms.
UnityIAP: [InitializeOnLoad] Facebook Check
UnityIAP: Runtime [2020.3.1f1]
UnityIAP: Current Build is Android:Android
UnityIAP: stub FacebookStore.dll enabled
Invoked RoslynAnalysisRunner static constructor.
RoslynAnalysisRunner will not be running.
RoslynAnalysisRunner has terminated.
Mono: successfully reloaded assembly
- Completed reload, in  3.400 seconds
Platform modules already initialized, skipping
Switching build target platform(2) subTarget(0) extendedPlatform(0) -> platform(13) subTarget(537395200) extendedPlatform(0)
Shader 'Universal Render Pipeline/Particles/Lit': fallback shader 'Universal Render Pipeline/Particles/SimpleLit' not found
Refreshing native plugins compatible for Editor in 3.82 ms, found 5 plugins.
Preloading 0 native plugins for Editor in 0.00 ms.
Unloading 3366 Unused Serialized files (Serialized files now loaded: 0)
System memory in use before: 258.9 MB.
System memory in use after: 259.1 MB.

Unloading 192 unused Assets to reduce memory usage. Loaded Objects now: 3863.
Total: 3.941546 ms (FindLiveObjects: 0.525101 ms CreateObjectMapping: 0.209223 ms MarkObjects: 3.029438 ms  DeleteObjects: 0.175779 ms)

AssetImportParameters requested are different than current active one (requested -> active):
  custom:graphics/normal-map-encoding: 01000000000000000000000000000000 -> 02000000000000000000000000000000
========================================================================
Received Prepare
Registering precompiled user dll's ...
Registered in 0.012630 seconds.
Begin MonoManager ReloadAssembly
Native extension for OSXStandalone target not found
Refreshing native plugins compatible for Editor in 2.21 ms, found 5 plugins.
Preloading 0 native plugins for Editor in 0.00 ms.
UnityIAP: [InitializeOnLoad] Facebook Check
UnityIAP: Runtime [2020.3.1f1]
UnityIAP: Current Build is Android:Android
UnityIAP: stub FacebookStore.dll enabled
Invoked RoslynAnalysisRunner static constructor.
RoslynAnalysisRunner will not be running.
RoslynAnalysisRunner has terminated.
Mono: successfully reloaded assembly
- Completed reload, in  2.389 seconds
Platform modules already initialized, skipping
Switching build target platform(2) subTarget(0) extendedPlatform(0) -> platform(13) subTarget(537395200) extendedPlatform(0)
Shader 'Universal Render Pipeline/Particles/Lit': fallback shader 'Universal Render Pipeline/Particles/SimpleLit' not found
Refreshing native plugins compatible for Editor in 2.56 ms, found 5 plugins.
Preloading 0 native plugins for Editor in 0.00 ms.
Unloading 3366 Unused Serialized files (Serialized files now loaded: 0)
System memory in use before: 259.2 MB.
System memory in use after: 259.4 MB.

Unloading 192 unused Assets to reduce memory usage. Loaded Objects now: 3866.
Total: 5.757715 ms (FindLiveObjects: 0.649956 ms CreateObjectMapping: 0.422771 ms MarkObjects: 4.413303 ms  DeleteObjects: 0.269567 ms)

AssetImportParameters requested are different than current active one (requested -> active):
  custom:graphics/normal-map-encoding: 01000000000000000000000000000000 -> 02000000000000000000000000000000
========================================================================
Received Prepare
Registering precompiled user dll's ...
Registered in 0.009908 seconds.
Begin MonoManager ReloadAssembly
Native extension for OSXStandalone target not found
Refreshing native plugins compatible for Editor in 2.35 ms, found 5 plugins.
Preloading 0 native plugins for Editor in 0.00 ms.
UnityIAP: [InitializeOnLoad] Facebook Check
UnityIAP: Runtime [2020.3.1f1]
UnityIAP: Current Build is Android:Android
UnityIAP: stub FacebookStore.dll enabled
Invoked RoslynAnalysisRunner static constructor.
RoslynAnalysisRunner will not be running.
RoslynAnalysisRunner has terminated.
Mono: successfully reloaded assembly
- Completed reload, in  2.064 seconds
Platform modules already initialized, skipping
Switching build target platform(2) subTarget(0) extendedPlatform(0) -> platform(13) subTarget(537395200) extendedPlatform(0)
Shader 'Universal Render Pipeline/Particles/Lit': fallback shader 'Universal Render Pipeline/Particles/SimpleLit' not found
Refreshing native plugins compatible for Editor in 2.17 ms, found 5 plugins.
Preloading 0 native plugins for Editor in 0.00 ms.
Unloading 3366 Unused Serialized files (Serialized files now loaded: 0)
System memory in use before: 259.5 MB.
System memory in use after: 259.7 MB.

Unloading 192 unused Assets to reduce memory usage. Loaded Objects now: 3869.
Total: 3.451399 ms (FindLiveObjects: 0.447699 ms CreateObjectMapping: 0.174108 ms MarkObjects: 2.652286 ms  DeleteObjects: 0.175033 ms)

AssetImportParameters requested are different than current active one (requested -> active):
  custom:graphics/normal-map-encoding: 01000000000000000000000000000000 -> 02000000000000000000000000000000
========================================================================
Received Prepare
Registering precompiled user dll's ...
Registered in 0.009086 seconds.
Begin MonoManager ReloadAssembly
Native extension for OSXStandalone target not found
Refreshing native plugins compatible for Editor in 2.23 ms, found 5 plugins.
Preloading 0 native plugins for Editor in 0.00 ms.
UnityIAP: [InitializeOnLoad] Facebook Check
UnityIAP: Runtime [2020.3.1f1]
UnityIAP: Current Build is Android:Android
UnityIAP: stub FacebookStore.dll enabled
Invoked RoslynAnalysisRunner static constructor.
RoslynAnalysisRunner will not be running.
RoslynAnalysisRunner has terminated.
Mono: successfully reloaded assembly
- Completed reload, in  2.201 seconds
Platform modules already initialized, skipping
Switching build target platform(2) subTarget(0) extendedPlatform(0) -> platform(13) subTarget(537395200) extendedPlatform(0)
Shader 'Universal Render Pipeline/Particles/Lit': fallback shader 'Universal Render Pipeline/Particles/SimpleLit' not found
Refreshing native plugins compatible for Editor in 2.22 ms, found 5 plugins.
Preloading 0 native plugins for Editor in 0.00 ms.
Unloading 3366 Unused Serialized files (Serialized files now loaded: 0)
System memory in use before: 259.8 MB.
System memory in use after: 260.0 MB.

Unloading 192 unused Assets to reduce memory usage. Loaded Objects now: 3872.
Total: 3.988804 ms (FindLiveObjects: 0.489453 ms CreateObjectMapping: 0.196738 ms MarkObjects: 3.131244 ms  DeleteObjects: 0.169754 ms)

AssetImportParameters requested are different than current active one (requested -> active):
  custom:graphics/normal-map-encoding: 01000000000000000000000000000000 -> 02000000000000000000000000000000
========================================================================
Received Prepare
Registering precompiled user dll's ...
Registered in 0.009769 seconds.
Begin MonoManager ReloadAssembly
Native extension for OSXStandalone target not found
Refreshing native plugins compatible for Editor in 2.29 ms, found 5 plugins.
Preloading 0 native plugins for Editor in 0.00 ms.
UnityIAP: [InitializeOnLoad] Facebook Check
UnityIAP: Runtime [2020.3.1f1]
UnityIAP: Current Build is Android:Android
UnityIAP: stub FacebookStore.dll enabled
Invoked RoslynAnalysisRunner static constructor.
RoslynAnalysisRunner will not be running.
RoslynAnalysisRunner has terminated.
Mono: successfully reloaded assembly
- Completed reload, in  2.286 seconds
Platform modules already initialized, skipping
Switching build target platform(2) subTarget(0) extendedPlatform(0) -> platform(13) subTarget(537395200) extendedPlatform(0)
Shader 'Universal Render Pipeline/Particles/Lit': fallback shader 'Universal Render Pipeline/Particles/SimpleLit' not found
Refreshing native plugins compatible for Editor in 3.88 ms, found 5 plugins.
Preloading 0 native plugins for Editor in 0.00 ms.
Unloading 3366 Unused Serialized files (Serialized files now loaded: 0)
System memory in use before: 260.1 MB.
System memory in use after: 260.3 MB.

Unloading 192 unused Assets to reduce memory usage. Loaded Objects now: 3875.
Total: 5.725930 ms (FindLiveObjects: 0.731898 ms CreateObjectMapping: 0.232446 ms MarkObjects: 4.473973 ms  DeleteObjects: 0.284500 ms)

AssetImportParameters requested are different than current active one (requested -> active):
  custom:graphics/normal-map-encoding: 01000000000000000000000000000000 -> 02000000000000000000000000000000
========================================================================
Received Prepare
Registering precompiled user dll's ...
Registered in 0.009617 seconds.
Begin MonoManager ReloadAssembly
Native extension for OSXStandalone target not found
Refreshing native plugins compatible for Editor in 2.20 ms, found 5 plugins.
Preloading 0 native plugins for Editor in 0.00 ms.
UnityIAP: [InitializeOnLoad] Facebook Check
UnityIAP: Runtime [2020.3.1f1]
UnityIAP: Current Build is Android:Android
UnityIAP: stub FacebookStore.dll enabled
Invoked RoslynAnalysisRunner static constructor.
RoslynAnalysisRunner will not be running.
RoslynAnalysisRunner has terminated.
Mono: successfully reloaded assembly
- Completed reload, in  2.384 seconds
Platform modules already initialized, skipping
Switching build target platform(2) subTarget(0) extendedPlatform(0) -> platform(13) subTarget(537395200) extendedPlatform(0)
Shader 'Universal Render Pipeline/Particles/Lit': fallback shader 'Universal Render Pipeline/Particles/SimpleLit' not found
Refreshing native plugins compatible for Editor in 3.23 ms, found 5 plugins.
Preloading 0 native plugins for Editor in 0.00 ms.
Unloading 3366 Unused Serialized files (Serialized files now loaded: 0)
System memory in use before: 260.5 MB.
System memory in use after: 260.6 MB.

Unloading 192 unused Assets to reduce memory usage. Loaded Objects now: 3878.
Total: 6.938978 ms (FindLiveObjects: 1.118395 ms CreateObjectMapping: 0.464879 ms MarkObjects: 5.089027 ms  DeleteObjects: 0.264152 ms)

AssetImportParameters requested are different than current active one (requested -> active):
  custom:graphics/normal-map-encoding: 01000000000000000000000000000000 -> 02000000000000000000000000000000
========================================================================
Received Prepare
Registering precompiled user dll's ...
Registered in 0.009244 seconds.
Begin MonoManager ReloadAssembly
Native extension for OSXStandalone target not found
Refreshing native plugins compatible for Editor in 2.25 ms, found 5 plugins.
Preloading 0 native plugins for Editor in 0.00 ms.
UnityIAP: [InitializeOnLoad] Facebook Check
UnityIAP: Runtime [2020.3.1f1]
UnityIAP: Current Build is Android:Android
UnityIAP: stub FacebookStore.dll enabled
Invoked RoslynAnalysisRunner static constructor.
RoslynAnalysisRunner will not be running.
RoslynAnalysisRunner has terminated.
Mono: successfully reloaded assembly
- Completed reload, in  2.180 seconds
Platform modules already initialized, skipping
Switching build target platform(2) subTarget(0) extendedPlatform(0) -> platform(13) subTarget(537395200) extendedPlatform(0)
Shader 'Universal Render Pipeline/Particles/Lit': fallback shader 'Universal Render Pipeline/Particles/SimpleLit' not found
Refreshing native plugins compatible for Editor in 2.58 ms, found 5 plugins.
Preloading 0 native plugins for Editor in 0.00 ms.
Unloading 3366 Unused Serialized files (Serialized files now loaded: 0)
System memory in use before: 260.8 MB.
System memory in use after: 261.0 MB.

Unloading 192 unused Assets to reduce memory usage. Loaded Objects now: 3881.
Total: 3.746255 ms (FindLiveObjects: 0.452674 ms CreateObjectMapping: 0.195436 ms MarkObjects: 2.921461 ms  DeleteObjects: 0.173697 ms)

AssetImportParameters requested are different than current active one (requested -> active):
  custom:graphics/normal-map-encoding: 01000000000000000000000000000000 -> 02000000000000000000000000000000
========================================================================
Received Prepare
Registering precompiled user dll's ...
Registered in 0.009964 seconds.
Begin MonoManager ReloadAssembly
Native extension for OSXStandalone target not found
Refreshing native plugins compatible for Editor in 2.24 ms, found 5 plugins.
Preloading 0 native plugins for Editor in 0.00 ms.
UnityIAP: [InitializeOnLoad] Facebook Check
UnityIAP: Runtime [2020.3.1f1]
UnityIAP: Current Build is Android:Android
UnityIAP: stub FacebookStore.dll enabled
Invoked RoslynAnalysisRunner static constructor.
RoslynAnalysisRunner will not be running.
RoslynAnalysisRunner has terminated.
Mono: successfully reloaded assembly
- Completed reload, in  2.249 seconds
Platform modules already initialized, skipping
Switching build target platform(2) subTarget(0) extendedPlatform(0) -> platform(13) subTarget(537395200) extendedPlatform(0)
Shader 'Universal Render Pipeline/Particles/Lit': fallback shader 'Universal Render Pipeline/Particles/SimpleLit' not found
Refreshing native plugins compatible for Editor in 3.89 ms, found 5 plugins.
Preloading 0 native plugins for Editor in 0.00 ms.
Unloading 3366 Unused Serialized files (Serialized files now loaded: 0)
System memory in use before: 261.1 MB.
System memory in use after: 261.3 MB.

Unloading 192 unused Assets to reduce memory usage. Loaded Objects now: 3884.
Total: 4.478821 ms (FindLiveObjects: 0.519436 ms CreateObjectMapping: 0.256279 ms MarkObjects: 3.503389 ms  DeleteObjects: 0.197930 ms)

AssetImportParameters requested are different than current active one (requested -> active):
  custom:graphics/normal-map-encoding: 01000000000000000000000000000000 -> 02000000000000000000000000000000
========================================================================
Received Prepare
Registering precompiled user dll's ...
Registered in 0.010240 seconds.
Begin MonoManager ReloadAssembly
Native extension for OSXStandalone target not found
Refreshing native plugins compatible for Editor in 2.21 ms, found 5 plugins.
Preloading 0 native plugins for Editor in 0.00 ms.
UnityIAP: [InitializeOnLoad] Facebook Check
UnityIAP: Runtime [2020.3.1f1]
UnityIAP: Current Build is Android:Android
UnityIAP: stub FacebookStore.dll enabled
Invoked RoslynAnalysisRunner static constructor.
RoslynAnalysisRunner will not be running.
RoslynAnalysisRunner has terminated.
Mono: successfully reloaded assembly
- Completed reload, in  2.261 seconds
Platform modules already initialized, skipping
Switching build target platform(2) subTarget(0) extendedPlatform(0) -> platform(13) subTarget(537395200) extendedPlatform(0)
Shader 'Universal Render Pipeline/Particles/Lit': fallback shader 'Universal Render Pipeline/Particles/SimpleLit' not found
Refreshing native plugins compatible for Editor in 2.47 ms, found 5 plugins.
Preloading 0 native plugins for Editor in 0.00 ms.
Unloading 3366 Unused Serialized files (Serialized files now loaded: 0)
System memory in use before: 261.4 MB.
System memory in use after: 261.6 MB.

Unloading 192 unused Assets to reduce memory usage. Loaded Objects now: 3887.
Total: 4.417817 ms (FindLiveObjects: 0.871541 ms CreateObjectMapping: 0.404323 ms MarkObjects: 2.969094 ms  DeleteObjects: 0.171131 ms)

AssetImportParameters requested are different than current active one (requested -> active):
  custom:graphics/normal-map-encoding: 01000000000000000000000000000000 -> 02000000000000000000000000000000
========================================================================
Received Prepare
Registering precompiled user dll's ...
Registered in 0.009640 seconds.
Begin MonoManager ReloadAssembly
Native extension for OSXStandalone target not found
Refreshing native plugins compatible for Editor in 2.22 ms, found 5 plugins.
Preloading 0 native plugins for Editor in 0.00 ms.
UnityIAP: [InitializeOnLoad] Facebook Check
UnityIAP: Runtime [2020.3.1f1]
UnityIAP: Current Build is Android:Android
UnityIAP: stub FacebookStore.dll enabled
Invoked RoslynAnalysisRunner static constructor.
RoslynAnalysisRunner will not be running.
RoslynAnalysisRunner has terminated.
Mono: successfully reloaded assembly
- Completed reload, in  2.319 seconds
Platform modules already initialized, skipping
Switching build target platform(2) subTarget(0) extendedPlatform(0) -> platform(13) subTarget(537395200) extendedPlatform(0)
Shader 'Universal Render Pipeline/Particles/Lit': fallback shader 'Universal Render Pipeline/Particles/SimpleLit' not found
Refreshing native plugins compatible for Editor in 2.25 ms, found 5 plugins.
Preloading 0 native plugins for Editor in 0.00 ms.
Unloading 3366 Unused Serialized files (Serialized files now loaded: 0)
System memory in use before: 261.7 MB.
System memory in use after: 261.9 MB.

Unloading 192 unused Assets to reduce memory usage. Loaded Objects now: 3890.
Total: 5.704517 ms (FindLiveObjects: 1.094365 ms CreateObjectMapping: 0.690066 ms MarkObjects: 3.744283 ms  DeleteObjects: 0.173784 ms)

AssetImportParameters requested are different than current active one (requested -> active):
  custom:graphics/normal-map-encoding: 01000000000000000000000000000000 -> 02000000000000000000000000000000
========================================================================
Received Prepare
Registering precompiled user dll's ...
Registered in 0.010523 seconds.
AssetImportWorkerClient::OnTransportError - code=2 error=End of file
Begin MonoManager ReloadAssembly
